
 line       object           ucode  source program

   1    (35    4    2)     dAL54      proc 4 2 2
   2    (38    2    1)                sym 2 1 1
   3    (38    2    2)                sym 2 2 1
   4    (38    2    3)                sym 2 3 1
   5    (38    2    4)                sym 2 4 1
   6    (19    2    1)                lod 2 1
   7    (24    2    4)                str 2 4
   8    (34          )     nex0       nop
   9    (19    2    4)                lod 2 4
  10    (19    2    2)                lod 2 2
  11    (20    1     )                ldc 1
  12    ( 7          )                sub
  13    (14          )                lt
  14    (28   29     )                fjp nex1
  15    (19    2    4)                lod 2 4
  16    (19    2    3)                lod 2 3
  17    ( 6          )                add
  18    (19    2    4)                lod 2 4
  19    (20    1     )                ldc 1
  20    ( 6          )                add
  21    (19    2    3)                lod 2 3
  22    ( 6          )                add
  23    (22          )                ldi
  24    (25          )                sti
  25    (19    2    4)                lod 2 4
  26    ( 2          )                inc
  27    (24    2    4)                str 2 4
  28    (26    8     )                ujp nex0
  29    (34          )     nex1       nop
  30    (30          )                ret
  31    (36          )                end
  32    (35    4    2)     fAL54      proc 4 2 2
  33    (38    2    1)                sym 2 1 1
  34    (38    2    2)                sym 2 2 1
  35    (38    2    3)                sym 2 3 1
  36    (38    2    4)                sym 2 4 1
  37    (20    0     )                ldc 0
  38    (24    2    4)                str 2 4
  39    (34          )     ne0        nop
  40    (19    2    4)                lod 2 4
  41    (19    2    2)                lod 2 2
  42    (20    1     )                ldc 1
  43    ( 7          )                sub
  44    (14          )                lt
  45    (28   60     )                fjp ne1
  46    (19    2    4)                lod 2 4
  47    (19    2    3)                lod 2 3
  48    ( 6          )                add
  49    (22          )                ldi
  50    (19    2    1)                lod 2 1
  51    (17          )                eq
  52    (28   55     )                fjp ne2
  53    (19    2    4)                lod 2 4
  54    (31          )                retv
  55    (34          )     ne2        nop
  56    (19    2    4)                lod 2 4
  57    ( 2          )                inc
  58    (24    2    4)                str 2 4
  59    (26   39     )                ujp ne0
  60    (34          )     ne1        nop
  61    (20    1     )                ldc 1
  62    ( 1          )                neg
  63    (31          )                retv
  64    (36          )                end
  65    (35    7    2)     main       proc 7 2 2
  66    (38    2    1)                sym 2 1 4
  67    (38    2    5)                sym 2 5 1
  68    (38    2    6)                sym 2 6 1
  69    (38    2    7)                sym 2 7 1
  70    (20    0     )                ldc 0
  71    (24    2    3)                str 2 3
  72    (19    2    3)                lod 2 3
  73    ( 0          )                notop
  74    (28   78     )                fjp next0
  75    (23          )                ldp
  76    (20123123123     )                ldc 123123123
  77    (29   -2     )                call write
  78    (34          )     next0      nop
  79    (20    0     )                ldc 0
  80    (21    2    1)                lda 2 1
  81    ( 6          )                add
  82    (2011111     )                ldc 11111
  83    (25          )                sti
  84    (20    1     )                ldc 1
  85    (21    2    1)                lda 2 1
  86    ( 6          )                add
  87    (2022222     )                ldc 22222
  88    (25          )                sti
  89    (20    2     )                ldc 2
  90    (21    2    1)                lda 2 1
  91    ( 6          )                add
  92    (2033333     )                ldc 33333
  93    (25          )                sti
  94    (20    3     )                ldc 3
  95    (21    2    1)                lda 2 1
  96    ( 6          )                add
  97    (2044444     )                ldc 44444
  98    (25          )                sti
  99    (20    1     )                ldc 1
 100    (21    2    1)                lda 2 1
 101    ( 6          )                add
 102    (20    1     )                ldc 1
 103    (21    2    1)                lda 2 1
 104    ( 6          )                add
 105    (22          )                ldi
 106    (20    1     )                ldc 1
 107    ( 6          )                add
 108    (25          )                sti
 109    (23          )                ldp
 110    (2033333     )                ldc 33333
 111    (20    5     )                ldc 5
 112    (21    2    1)                lda 2 1
 113    (29   32     )                call fAL54
 114    (24    2    6)                str 2 6
 115    (23          )                ldp
 116    (23          )                ldp
 117    (2033333     )                ldc 33333
 118    (20    4     )                ldc 4
 119    (21    2    1)                lda 2 1
 120    (29   32     )                call fAL54
 121    (20    4     )                ldc 4
 122    (21    2    1)                lda 2 1
 123    (29    1     )                call dAL54
 124    (20    0     )                ldc 0
 125    (24    2    5)                str 2 5
 126    (34          )     next1      nop
 127    (19    2    5)                lod 2 5
 128    (20    3     )                ldc 3
 129    (14          )                lt
 130    (28  141     )                fjp next2
 131    (23          )                ldp
 132    (19    2    5)                lod 2 5
 133    (21    2    1)                lda 2 1
 134    ( 6          )                add
 135    (22          )                ldi
 136    (29   -2     )                call write
 137    (19    2    5)                lod 2 5
 138    ( 2          )                inc
 139    (24    2    5)                str 2 5
 140    (26  126     )                ujp next1
 141    (34          )     next2      nop
 142    (23          )                ldp
 143    (2044444     )                ldc 44444
 144    (20    4     )                ldc 4
 145    (21    2    1)                lda 2 1
 146    (29   32     )                call fAL54
 147    (20    1     )                ldc 1
 148    ( 6          )                add
 149    (24    2    6)                str 2 6
 150    (23          )                ldp
 151    (19    2    6)                lod 2 6
 152    (29   -2     )                call write
 153    (30          )                ret
 154    (36          )                end
 155    (37    0     )                bgn 0
 156    (23          )                ldp
 157    (29   65     )                call main
 158    (36          )                end



   ****    Result    ****


 123123123 11111 22223 33333 0

   **********************




                 #### Statistics ####


    ****  Static Instruction Counts  ****


notop  =  1       neg    =  1       inc    =  3       add    =  13      
sub    =  2       lt     =  3       eq     =  1       lod    =  20      
ldc    =  28      lda    =  11      ldi    =  4       ldp    =  8       
str    =  9       sti    =  6       ujp    =  3       fjp    =  5       
call   =  8       ret    =  2       retv   =  2       nop    =  8       
proc   =  3       end    =  4       bgn    =  1       sym    =  12      



  ****  Dynamic instruction counts  ****


notop  =  1         neg    =  1         inc    =  10        add    =  20        
sub    =  11        lt     =  15        eq     =  9         lod    =  71        
ldc    =  41        lda    =  13        ldi    =  13        ldp    =  10        
str    =  18        sti    =  5         ujp    =  10        fjp    =  25        
call   =  10        ret    =  2         retv   =  3         nop    =  26        
proc   =  5         end    =  1         bgn    =  1         sym    =  20        


 Executable instruction count  =   293

 Total execution cycle         =   2755
